<?xml version="1.0" encoding="UTF-8"?>
<!-- Generated by org.testng.reporters.JUnitReportReporter -->
<testsuite skipped="0" hostname="DESKTOP-O5L0H30" name="Bootcamp.HomeDepot.HomePageTest" tests="3" failures="0" timestamp="2020-08-14T13:53:59 EDT" time="12.865" errors="0">
  <testcase name="HomePageVerification" time="7.515" classname="Bootcamp.HomeDepot.HomePageTest"/>
  <system-out/>
  <testcase name="RegisterPageVerification" time="2.414" classname="Bootcamp.HomeDepot.HomePageTest"/>
  <system-out/>
  <testcase name="ContactInformationPageVerification" time="2.936" classname="Bootcamp.HomeDepot.HomePageTest"/>
  <system-out/>
</testsuite> <!-- Bootcamp.HomeDepot.HomePageTest -->
